<?xml version="1.0" encoding="UTF-8"?>
<!-- Generated by org.testng.reporters.JUnitReportReporter -->
<testsuite hostname="dilinik" failures="0" tests="3" name="com.example.Test1" time="0.020" errors="0" timestamp="07 Apr 2021 02:51:44 GMT" skipped="0">
  <testcase classname="com.example.Test1" name="whenPalindrom_thenAccept" time="0.000"/>
  <testcase classname="com.example.Test1" name="whenEmptyString_thenAccept" time="0.020"/>
  <testcase classname="com.example.Test1" name="whenNearPalindrom_thanReject" time="0.000"/>
</testsuite> <!-- com.example.Test1 -->
