<?xml version="1.0" encoding="UTF-8"?>
<!-- Generated by org.testng.reporters.JUnitReportReporter -->
<testsuite hostname="dilinik" failures="0" tests="1" name="com.example.MathOperationTest" time="0.007" errors="0" timestamp="07 Apr 2021 02:51:49 GMT" skipped="0">
  <testcase classname="com.example.MathOperationTest" name="testDoMath" time="0.007"/>
</testsuite> <!-- com.example.MathOperationTest -->
